<?xml version="1.0" encoding="UTF-8"?>
<testsuite name="com.mindex.challenge.DataBootstrapTest" tests="1" skipped="0" failures="0" errors="0" timestamp="2020-01-12T20:00:21" hostname="AndrewSinn-PC" time="0.052">
  <properties/>
  <testcase name="test" classname="com.mindex.challenge.DataBootstrapTest" time="0.052"/>
  <system-out><![CDATA[2020-01-12 15:00:21.940  INFO 13364 --- [    Test worker] .b.t.c.SpringBootTestContextBootstrapper : Neither @ContextConfiguration nor @ContextHierarchy found for test class [com.mindex.challenge.DataBootstrapTest], using SpringBootContextLoader
2020-01-12 15:00:21.941  INFO 13364 --- [    Test worker] o.s.t.c.support.AbstractContextLoader    : Could not detect default resource locations for test class [com.mindex.challenge.DataBootstrapTest]: no resource found for suffixes {-context.xml, Context.groovy}.
2020-01-12 15:00:21.941  INFO 13364 --- [    Test worker] t.c.s.AnnotationConfigContextLoaderUtils : Could not detect default configuration classes for test class [com.mindex.challenge.DataBootstrapTest]: DataBootstrapTest does not declare any static, non-private, non-final, nested classes annotated with @Configuration.
2020-01-12 15:00:21.952  INFO 13364 --- [    Test worker] .b.t.c.SpringBootTestContextBootstrapper : Found @SpringBootConfiguration com.mindex.challenge.ChallengeApplication for test class com.mindex.challenge.DataBootstrapTest
2020-01-12 15:00:21.959  INFO 13364 --- [    Test worker] .b.t.c.SpringBootTestContextBootstrapper : Loaded default TestExecutionListener class names from location [META-INF/spring.factories]: [org.springframework.boot.test.autoconfigure.restdocs.RestDocsTestExecutionListener, org.springframework.boot.test.autoconfigure.web.client.MockRestServiceServerResetTestExecutionListener, org.springframework.boot.test.autoconfigure.web.servlet.MockMvcPrintOnlyOnFailureTestExecutionListener, org.springframework.boot.test.autoconfigure.web.servlet.WebDriverTestExecutionListener, org.springframework.boot.test.mock.mockito.MockitoTestExecutionListener, org.springframework.boot.test.mock.mockito.ResetMocksTestExecutionListener, org.springframework.test.context.web.ServletTestExecutionListener, org.springframework.test.context.support.DirtiesContextBeforeModesTestExecutionListener, org.springframework.test.context.support.DependencyInjectionTestExecutionListener, org.springframework.test.context.support.DirtiesContextTestExecutionListener, org.springframework.test.context.transaction.TransactionalTestExecutionListener, org.springframework.test.context.jdbc.SqlScriptsTestExecutionListener]
2020-01-12 15:00:21.963  INFO 13364 --- [    Test worker] .b.t.c.SpringBootTestContextBootstrapper : Using TestExecutionListeners: [org.springframework.test.context.web.ServletTestExecutionListener@a65adb7, org.springframework.test.context.support.DirtiesContextBeforeModesTestExecutionListener@69509f27, org.springframework.boot.test.autoconfigure.SpringBootDependencyInjectionTestExecutionListener@20a90ab3, org.springframework.test.context.support.DirtiesContextTestExecutionListener@62bc3314, org.springframework.test.context.transaction.TransactionalTestExecutionListener@451332e1, org.springframework.test.context.jdbc.SqlScriptsTestExecutionListener@28d734c3, org.springframework.boot.test.autoconfigure.restdocs.RestDocsTestExecutionListener@40c35ff8, org.springframework.boot.test.autoconfigure.web.client.MockRestServiceServerResetTestExecutionListener@43e4f067, org.springframework.boot.test.mock.mockito.ResetMocksTestExecutionListener@1fbc56c0, org.springframework.boot.test.autoconfigure.web.servlet.MockMvcPrintOnlyOnFailureTestExecutionListener@e5c08d8, org.springframework.boot.test.autoconfigure.web.servlet.WebDriverTestExecutionListener@54baba74, org.springframework.boot.test.mock.mockito.MockitoTestExecutionListener@30391f4c]
]]></system-out>
  <system-err><![CDATA[]]></system-err>
</testsuite>
